<?xml version="1.0" encoding="UTF-8"?>
<testng-results ignored="1" total="17" passed="16" failed="0" skipped="0">
  <reporter-output>
  </reporter-output>
  <suite started-at="2023-05-15T17:23:28 IST" name="Default suite" finished-at="2023-05-15T17:23:50 IST" duration-ms="21981">
    <groups>
    </groups>
    <test started-at="2023-05-15T17:23:28 IST" name="Default test" finished-at="2023-05-15T17:23:50 IST" duration-ms="21981">
      <class name="Test_Cases.Github_Project">
        <test-method signature="createRepo()[pri:0, instance:Test_Cases.Github_Project@3e58a80e]" started-at="2023-05-15T17:23:28 IST" name="createRepo" finished-at="2023-05-15T17:23:33 IST" duration-ms="4910" status="PASS">
          <reporter-output>
          </reporter-output>
        </test-method> <!-- createRepo -->
        <test-method signature="getRepo()[pri:1, instance:Test_Cases.Github_Project@3e58a80e]" started-at="2023-05-15T17:23:33 IST" name="getRepo" finished-at="2023-05-15T17:23:34 IST" duration-ms="844" status="PASS">
          <reporter-output>
          </reporter-output>
        </test-method> <!-- getRepo -->
        <test-method signature="updateRepo()[pri:2, instance:Test_Cases.Github_Project@3e58a80e]" started-at="2023-05-15T17:23:34 IST" name="updateRepo" finished-at="2023-05-15T17:23:35 IST" duration-ms="1033" status="PASS">
          <reporter-output>
          </reporter-output>
        </test-method> <!-- updateRepo -->
        <test-method signature="ListRepo()[pri:3, instance:Test_Cases.Github_Project@3e58a80e]" started-at="2023-05-15T17:23:35 IST" name="ListRepo" finished-at="2023-05-15T17:23:36 IST" duration-ms="1538" status="PASS">
          <reporter-output>
          </reporter-output>
        </test-method> <!-- ListRepo -->
        <test-method signature="ListRepoLanguage()[pri:4, instance:Test_Cases.Github_Project@3e58a80e]" started-at="2023-05-15T17:23:36 IST" name="ListRepoLanguage" finished-at="2023-05-15T17:23:37 IST" duration-ms="787" status="PASS">
          <reporter-output>
          </reporter-output>
        </test-method> <!-- ListRepoLanguage -->
        <test-method signature="ListpublicRepo()[pri:5, instance:Test_Cases.Github_Project@3e58a80e]" started-at="2023-05-15T17:23:37 IST" name="ListpublicRepo" finished-at="2023-05-15T17:23:39 IST" duration-ms="1881" status="PASS">
          <reporter-output>
          </reporter-output>
        </test-method> <!-- ListpublicRepo -->
        <test-method signature="ListRepoTags()[pri:6, instance:Test_Cases.Github_Project@3e58a80e]" started-at="2023-05-15T17:23:39 IST" name="ListRepoTags" finished-at="2023-05-15T17:23:40 IST" duration-ms="721" status="PASS">
          <reporter-output>
          </reporter-output>
        </test-method> <!-- ListRepoTags -->
        <test-method signature="createAutolinks()[pri:7, instance:Test_Cases.Github_Project@3e58a80e]" started-at="2023-05-15T17:23:40 IST" name="createAutolinks" finished-at="2023-05-15T17:23:40 IST" duration-ms="897" status="PASS">
          <reporter-output>
          </reporter-output>
        </test-method> <!-- createAutolinks -->
        <test-method signature="getanAutolinks()[pri:8, instance:Test_Cases.Github_Project@3e58a80e]" started-at="2023-05-15T17:23:40 IST" name="getanAutolinks" finished-at="2023-05-15T17:23:42 IST" duration-ms="1728" status="PASS">
          <reporter-output>
          </reporter-output>
        </test-method> <!-- getanAutolinks -->
        <test-method signature="deleteanAutolinks()[pri:9, instance:Test_Cases.Github_Project@3e58a80e]" started-at="2023-05-15T17:23:42 IST" name="deleteanAutolinks" finished-at="2023-05-15T17:23:43 IST" duration-ms="744" status="PASS">
          <reporter-output>
          </reporter-output>
        </test-method> <!-- deleteanAutolinks -->
        <test-method signature="getAllrepoTopics()[pri:10, instance:Test_Cases.Github_Project@3e58a80e]" started-at="2023-05-15T17:23:43 IST" name="getAllrepoTopics" finished-at="2023-05-15T17:23:44 IST" duration-ms="772" status="PASS">
          <reporter-output>
          </reporter-output>
        </test-method> <!-- getAllrepoTopics -->
        <test-method signature="createFile()[pri:12, instance:Test_Cases.Github_Project@3e58a80e]" started-at="2023-05-15T17:23:44 IST" name="createFile" finished-at="2023-05-15T17:23:45 IST" duration-ms="933" status="PASS">
          <reporter-output>
          </reporter-output>
        </test-method> <!-- createFile -->
        <test-method signature="createfork()[pri:13, instance:Test_Cases.Github_Project@3e58a80e]" started-at="2023-05-15T17:23:45 IST" name="createfork" finished-at="2023-05-15T17:23:47 IST" duration-ms="1930" status="PASS">
          <reporter-output>
          </reporter-output>
        </test-method> <!-- createfork -->
        <test-method signature="getforklist()[pri:14, instance:Test_Cases.Github_Project@3e58a80e]" started-at="2023-05-15T17:23:47 IST" name="getforklist" finished-at="2023-05-15T17:23:48 IST" duration-ms="1011" status="PASS">
          <reporter-output>
          </reporter-output>
        </test-method> <!-- getforklist -->
        <test-method signature="deleteFile()[pri:15, instance:Test_Cases.Github_Project@3e58a80e]" started-at="2023-05-15T17:23:48 IST" name="deleteFile" finished-at="2023-05-15T17:23:49 IST" duration-ms="1189" status="PASS">
          <reporter-output>
          </reporter-output>
        </test-method> <!-- deleteFile -->
        <test-method signature="deleteRepo()[pri:16, instance:Test_Cases.Github_Project@3e58a80e]" started-at="2023-05-15T17:23:49 IST" name="deleteRepo" finished-at="2023-05-15T17:23:50 IST" duration-ms="934" status="PASS">
          <reporter-output>
          </reporter-output>
        </test-method> <!-- deleteRepo -->
      </class> <!-- Test_Cases.Github_Project -->
    </test> <!-- Default test -->
  </suite> <!-- Default suite -->
</testng-results>
