<?xml version="1.0" encoding="UTF-8"?>
<testng-results ignored="15" total="17" passed="2" failed="0" skipped="0">
  <reporter-output>
  </reporter-output>
  <suite started-at="2023-05-16T09:53:39 IST" name="Default suite" finished-at="2023-05-16T09:53:44 IST" duration-ms="5612">
    <groups>
    </groups>
    <test started-at="2023-05-16T09:53:39 IST" name="Default test" finished-at="2023-05-16T09:53:44 IST" duration-ms="5612">
      <class name="Test_Cases.Github_Project">
        <test-method signature="ListRepo()[pri:3, instance:Test_Cases.Github_Project@3e58a80e]" started-at="2023-05-16T09:53:39 IST" name="ListRepo" finished-at="2023-05-16T09:53:43 IST" duration-ms="4430" status="PASS">
          <reporter-output>
          </reporter-output>
        </test-method> <!-- ListRepo -->
        <test-method signature="ListpublicRepo()[pri:5, instance:Test_Cases.Github_Project@3e58a80e]" started-at="2023-05-16T09:53:43 IST" name="ListpublicRepo" finished-at="2023-05-16T09:53:44 IST" duration-ms="1065" status="PASS">
          <reporter-output>
          </reporter-output>
        </test-method> <!-- ListpublicRepo -->
      </class> <!-- Test_Cases.Github_Project -->
    </test> <!-- Default test -->
  </suite> <!-- Default suite -->
</testng-results>
