<?xml version="1.0" encoding="UTF-8"?>
<!-- Generated by org.testng.reporters.JUnitXMLReporter -->
<testsuite ignored="15" hostname="LAPTOP-QHM9BDJJ" failures="0" tests="2" name="Default test" time="5.612" errors="0" timestamp="2023-05-16T09:53:44 IST">
  <testcase classname="Test_Cases.Github_Project" name="ListRepo" time="4.43"/>
  <testcase classname="Test_Cases.Github_Project" name="ListpublicRepo" time="1.065"/>
  <testcase classname="Test_Cases.Github_Project" name="createFile" time="0.0">
    <ignored/>
  </testcase> <!-- createFile -->
  <testcase classname="Test_Cases.Github_Project" name="deleteRepo" time="0.0">
    <ignored/>
  </testcase> <!-- deleteRepo -->
  <testcase classname="Test_Cases.Github_Project" name="createRepo" time="0.0">
    <ignored/>
  </testcase> <!-- createRepo -->
  <testcase classname="Test_Cases.Github_Project" name="createfork" time="0.0">
    <ignored/>
  </testcase> <!-- createfork -->
  <testcase classname="Test_Cases.Github_Project" name="ListRepoLanguage" time="0.0">
    <ignored/>
  </testcase> <!-- ListRepoLanguage -->
  <testcase classname="Test_Cases.Github_Project" name="deleteFile" time="0.0">
    <ignored/>
  </testcase> <!-- deleteFile -->
  <testcase classname="Test_Cases.Github_Project" name="getforklist" time="0.0">
    <ignored/>
  </testcase> <!-- getforklist -->
  <testcase classname="Test_Cases.Github_Project" name="updateRepo" time="0.0">
    <ignored/>
  </testcase> <!-- updateRepo -->
  <testcase classname="Test_Cases.Github_Project" name="getanAutolinks" time="0.0">
    <ignored/>
  </testcase> <!-- getanAutolinks -->
  <testcase classname="Test_Cases.Github_Project" name="createAutolinks" time="0.0">
    <ignored/>
  </testcase> <!-- createAutolinks -->
  <testcase classname="Test_Cases.Github_Project" name="getRepo" time="0.0">
    <ignored/>
  </testcase> <!-- getRepo -->
  <testcase classname="Test_Cases.Github_Project" name="ListRepoTags" time="0.0">
    <ignored/>
  </testcase> <!-- ListRepoTags -->
  <testcase classname="Test_Cases.Github_Project" name="getAllrepoTopics" time="0.0">
    <ignored/>
  </testcase> <!-- getAllrepoTopics -->
  <testcase classname="Test_Cases.Github_Project" name="deleteanAutolinks" time="0.0">
    <ignored/>
  </testcase> <!-- deleteanAutolinks -->
  <testcase classname="Test_Cases.Github_Project" name="replaceAllrepoTopics" time="0.0">
    <ignored/>
  </testcase> <!-- replaceAllrepoTopics -->
</testsuite> <!-- Default test -->
