<?xml version="1.0" encoding="UTF-8"?>
<!-- Generated by org.testng.reporters.JUnitXMLReporter -->
<testsuite ignored="1" hostname="LAPTOP-QHM9BDJJ" failures="0" tests="16" name="Default test" time="21.981" errors="0" timestamp="2023-05-15T17:23:50 IST">
  <testcase classname="Test_Cases.Github_Project" name="createRepo" time="4.91"/>
  <testcase classname="Test_Cases.Github_Project" name="getRepo" time="0.844"/>
  <testcase classname="Test_Cases.Github_Project" name="updateRepo" time="1.033"/>
  <testcase classname="Test_Cases.Github_Project" name="ListRepo" time="1.538"/>
  <testcase classname="Test_Cases.Github_Project" name="ListRepoLanguage" time="0.787"/>
  <testcase classname="Test_Cases.Github_Project" name="ListpublicRepo" time="1.881"/>
  <testcase classname="Test_Cases.Github_Project" name="ListRepoTags" time="0.721"/>
  <testcase classname="Test_Cases.Github_Project" name="createAutolinks" time="0.897"/>
  <testcase classname="Test_Cases.Github_Project" name="getanAutolinks" time="1.728"/>
  <testcase classname="Test_Cases.Github_Project" name="deleteanAutolinks" time="0.744"/>
  <testcase classname="Test_Cases.Github_Project" name="getAllrepoTopics" time="0.772"/>
  <testcase classname="Test_Cases.Github_Project" name="createFile" time="0.933"/>
  <testcase classname="Test_Cases.Github_Project" name="createfork" time="1.93"/>
  <testcase classname="Test_Cases.Github_Project" name="getforklist" time="1.011"/>
  <testcase classname="Test_Cases.Github_Project" name="deleteFile" time="1.189"/>
  <testcase classname="Test_Cases.Github_Project" name="deleteRepo" time="0.934"/>
  <testcase classname="Test_Cases.Github_Project" name="replaceAllrepoTopics" time="0.0">
    <ignored/>
  </testcase> <!-- replaceAllrepoTopics -->
</testsuite> <!-- Default test -->
